Starting growlab
Loaded config, saving images every 600 seconds to ./images/
{'time': '19:52:22', 'temperature': 25.262781720294537, 'pressure': 1001.7079848869303, 'humidity': 32.68946483736693}
Saving /home/pi/growlab/image.jpg..
Saved /home/pi/growlab/image.jpg..OK
Wrote /home/pi/growlab/html/index.html..OK
[main c44bb34] Update images at Tue 25 May 19:52:26 BST 2021
 6 files changed, 16 insertions(+), 10 deletions(-)
 rewrite docs/preview.jpg (98%)
 rewrite html/preview.jpg (98%)
 rewrite image.jpg (94%)
 create mode 100644 nohup.out
error: cannot pull with rebase: You have unstaged changes.
error: please commit or stash them.
To github.com:felipecruz91/growlab.git
   c82c802..c44bb34  main -> main
waiting 10 minutes
Starting growlab
Loaded config, saving images every 600 seconds to ./images/
{'time': '19:52:47', 'temperature': 25.242811689116955, 'pressure': 1001.6898627985112, 'humidity': 33.04070473532514}
Traceback (most recent call last):
  File "app.py", line 46, in <module>
    spec.save_image("{}/image.jpg".format(pwd), frame, readings)
  File "/home/pi/growlab/specimen.py", line 30, in save_image
    bg_draw.text(xy=(pos[0]+10, pos[1]+10), text=msg, fill=colour, font=font)
  File "/usr/local/lib/python3.7/dist-packages/PIL/ImageDraw.py", line 393, in text
    embedded_color,
  File "/usr/local/lib/python3.7/dist-packages/PIL/ImageDraw.py", line 547, in multiline_text
    embedded_color=embedded_color,
  File "/usr/local/lib/python3.7/dist-packages/PIL/ImageDraw.py", line 469, in text
    draw_text(ink)
  File "/usr/local/lib/python3.7/dist-packages/PIL/ImageDraw.py", line 424, in draw_text
    **kwargs,
  File "/usr/local/lib/python3.7/dist-packages/PIL/ImageFont.py", line 591, in getmask2
    def getmask2(
KeyboardInterrupt
